[debug] [2020-11-17T14:31:47.867Z] ----------------------------------------------------------------------
[debug] [2020-11-17T14:31:47.871Z] Command:       C:\Program Files\nodejs\node.exe C:\Users\Vitaliy\AppData\Roaming\npm\node_modules\firebase-tools\lib\bin\firebase.js deploy
[debug] [2020-11-17T14:31:47.872Z] CLI Version:   8.16.2
[debug] [2020-11-17T14:31:47.872Z] Platform:      win32
[debug] [2020-11-17T14:31:47.872Z] Node Version:  v12.18.4
[debug] [2020-11-17T14:31:47.873Z] Time:          Tue Nov 17 2020 16:31:47 GMT+0200 (GMT+02:00)
[debug] [2020-11-17T14:31:47.874Z] ----------------------------------------------------------------------
[debug] [2020-11-17T14:31:47.874Z] 
[debug] [2020-11-17T14:31:47.889Z] > command requires scopes: ["email","openid","https://www.googleapis.com/auth/cloudplatformprojects.readonly","https://www.googleapis.com/auth/firebase","https://www.googleapis.com/auth/cloud-platform"]
[debug] [2020-11-17T14:31:47.890Z] > authorizing via signed-in user
[debug] [2020-11-17T14:31:47.891Z] [iam] checking project app-angular-tz for permissions ["firebase.projects.get","firebasedatabase.instances.update","firebasehosting.sites.update"]
[debug] [2020-11-17T14:31:47.897Z] >>> HTTP REQUEST POST https://cloudresourcemanager.googleapis.com/v1/projects/app-angular-tz:testIamPermissions  
 {"permissions":["firebase.projects.get","firebasedatabase.instances.update","firebasehosting.sites.update"]}
[debug] [2020-11-17T14:31:48.739Z] <<< HTTP RESPONSE 200 {"content-type":"application/json; charset=UTF-8","vary":"X-Origin, Referer, Origin,Accept-Encoding","date":"Tue, 17 Nov 2020 14:31:50 GMT","server":"ESF","cache-control":"private","x-xss-protection":"0","x-frame-options":"SAMEORIGIN","x-content-type-options":"nosniff","server-timing":"gfet4t7; dur=692","alt-svc":"h3-Q050=\":443\"; ma=2592000,h3-29=\":443\"; ma=2592000,h3-T051=\":443\"; ma=2592000,h3-Q046=\":443\"; ma=2592000,h3-Q043=\":443\"; ma=2592000,quic=\":443\"; ma=2592000; v=\"46,43\"","accept-ranges":"none","transfer-encoding":"chunked"}
[debug] [2020-11-17T14:31:48.743Z] >>> HTTP REQUEST GET https://firebase.googleapis.com/v1beta1/projects/app-angular-tz  
 
[debug] [2020-11-17T14:31:48.972Z] <<< HTTP RESPONSE 200 {"content-type":"application/json; charset=UTF-8","vary":"X-Origin, Referer, Origin,Accept-Encoding","date":"Tue, 17 Nov 2020 14:31:51 GMT","server":"ESF","cache-control":"private","x-xss-protection":"0","x-frame-options":"SAMEORIGIN","x-content-type-options":"nosniff","alt-svc":"h3-Q050=\":443\"; ma=2592000,h3-29=\":443\"; ma=2592000,h3-T051=\":443\"; ma=2592000,h3-Q046=\":443\"; ma=2592000,h3-Q043=\":443\"; ma=2592000,quic=\":443\"; ma=2592000; v=\"46,43\"","accept-ranges":"none","transfer-encoding":"chunked"}
[debug] [2020-11-17T14:31:48.974Z] >>> HTTP REQUEST GET https://firebase.googleapis.com/v1beta1/projects/app-angular-tz  
 
[debug] [2020-11-17T14:31:49.201Z] <<< HTTP RESPONSE 200 {"content-type":"application/json; charset=UTF-8","vary":"X-Origin, Referer, Origin,Accept-Encoding","date":"Tue, 17 Nov 2020 14:31:51 GMT","server":"ESF","cache-control":"private","x-xss-protection":"0","x-frame-options":"SAMEORIGIN","x-content-type-options":"nosniff","alt-svc":"h3-Q050=\":443\"; ma=2592000,h3-29=\":443\"; ma=2592000,h3-T051=\":443\"; ma=2592000,h3-Q046=\":443\"; ma=2592000,h3-Q043=\":443\"; ma=2592000,quic=\":443\"; ma=2592000; v=\"46,43\"","accept-ranges":"none","transfer-encoding":"chunked"}
[info] 
[info] === Deploying to 'app-angular-tz'...
[info] 
[info] i  deploying database, hosting 
[info] i  database: checking rules syntax... 
[debug] [2020-11-17T14:31:49.215Z] >>> HTTP REQUEST GET https://firebasedatabase.googleapis.com/v1beta/projects/app-angular-tz/locations/-/instances/app-angular-tz  
 
[debug] [2020-11-17T14:31:49.631Z] <<< HTTP RESPONSE 200 {"content-type":"application/json; charset=UTF-8","vary":"X-Origin, Referer, Origin,Accept-Encoding","date":"Tue, 17 Nov 2020 14:31:51 GMT","server":"ESF","cache-control":"private","x-xss-protection":"0","x-frame-options":"SAMEORIGIN","x-content-type-options":"nosniff","alt-svc":"h3-Q050=\":443\"; ma=2592000,h3-29=\":443\"; ma=2592000,h3-T051=\":443\"; ma=2592000,h3-Q046=\":443\"; ma=2592000,h3-Q043=\":443\"; ma=2592000,quic=\":443\"; ma=2592000; v=\"46,43\"","accept-ranges":"none","transfer-encoding":"chunked"}
[debug] [2020-11-17T14:31:49.636Z] >>> HTTP REQUEST PUT https://app-angular-tz.firebaseio.com/.settings/rules.json?dryRun=true  
 {
  /* Visit https://firebase.google.com/docs/database/security to learn more about security rules. */
  "rules": {
    ".read": false,
    ".write": false
  }
}
[debug] [2020-11-17T14:31:50.280Z] <<< HTTP RESPONSE 200 {"server":"nginx","date":"Tue, 17 Nov 2020 14:31:52 GMT","content-type":"application/json; charset=utf-8","content-length":"15","connection":"keep-alive","access-control-allow-origin":"*","cache-control":"no-cache","strict-transport-security":"max-age=31556926; includeSubDomains; preload"}
[info] +  database: rules syntax for database app-angular-tz is valid 
[debug] [2020-11-17T14:31:50.288Z] >>> HTTP REQUEST POST https://firebasehosting.googleapis.com/v1beta1/sites/app-angular-tz/versions  
 {"config":{"rewrites":[{"glob":"**","path":"/index.html"},{"glob":"/[Ss][Tt][Aa][Tt][Ii][Oo][Nn]","path":"/Station"}],"headers":[{"glob":"**/*.@(jpg|jpeg|gif|png)","headers":{"Cache-Control":"max-age=604800"}},{"glob":"**/*.@(js)","headers":{"Cache-Control":"max-age=604800"}},{"glob":"**/*.@(css)","headers":{"Content-Type":"text/css","Cache-Control":"max-age=604800"}}]},"labels":{"deployment-tool":"cli-firebase"}}
[debug] [2020-11-17T14:32:01.230Z] <<< HTTP RESPONSE 503 {"vary":"X-Origin, Referer, Origin,Accept-Encoding","content-type":"application/json; charset=UTF-8","date":"Tue, 17 Nov 2020 14:32:03 GMT","server":"ESF","cache-control":"private","x-xss-protection":"0","x-frame-options":"SAMEORIGIN","x-content-type-options":"nosniff","alt-svc":"h3-Q050=\":443\"; ma=2592000,h3-29=\":443\"; ma=2592000,h3-T051=\":443\"; ma=2592000,h3-Q046=\":443\"; ma=2592000,h3-Q043=\":443\"; ma=2592000,quic=\":443\"; ma=2592000; v=\"46,43\"","accept-ranges":"none","transfer-encoding":"chunked"}
[debug] [2020-11-17T14:32:01.230Z] <<< HTTP RESPONSE BODY {"error":{"code":503,"message":"The service is currently unavailable.","status":"UNAVAILABLE"}}
[error] 
[error] Error: HTTP Error: 503, The service is currently unavailable.
[debug] [2020-11-17T14:32:01.339Z] Error Context: {
  "body": {
    "error": {
      "code": 503,
      "message": "The service is currently unavailable.",
      "status": "UNAVAILABLE"
    }
  },
  "response": {
    "statusCode": 503,
    "body": {
      "error": {
        "code": 503,
        "message": "The service is currently unavailable.",
        "status": "UNAVAILABLE"
      }
    },
    "headers": {
      "vary": "X-Origin, Referer, Origin,Accept-Encoding",
      "content-type": "application/json; charset=UTF-8",
      "date": "Tue, 17 Nov 2020 14:32:03 GMT",
      "server": "ESF",
      "cache-control": "private",
      "x-xss-protection": "0",
      "x-frame-options": "SAMEORIGIN",
      "x-content-type-options": "nosniff",
      "alt-svc": "h3-Q050=\":443\"; ma=2592000,h3-29=\":443\"; ma=2592000,h3-T051=\":443\"; ma=2592000,h3-Q046=\":443\"; ma=2592000,h3-Q043=\":443\"; ma=2592000,quic=\":443\"; ma=2592000; v=\"46,43\"",
      "accept-ranges": "none",
      "transfer-encoding": "chunked"
    },
    "request": {
      "uri": {
        "protocol": "https:",
        "slashes": true,
        "auth": null,
        "host": "firebasehosting.googleapis.com",
        "port": 443,
        "hostname": "firebasehosting.googleapis.com",
        "hash": null,
        "search": null,
        "query": null,
        "pathname": "/v1beta1/sites/app-angular-tz/versions",
        "path": "/v1beta1/sites/app-angular-tz/versions",
        "href": "https://firebasehosting.googleapis.com/v1beta1/sites/app-angular-tz/versions"
      },
      "method": "POST"
    }
  }
}
